<?xml version='1.0' encoding='UTF-8'?>
<testsuite hostname="satsuki-pc.local" name="CalcSpec" tests="7" errors="0" failures="0" skipped="0" time="0.429" timestamp="2020-07-30T16:18:36">
                     <properties>
      <property name="java.specification.version" value="14"/><property name="sun.jnu.encoding" value="UTF-8"/><property name="sun.arch.data.model" value="64"/><property name="java.vendor.url" value="https://openjdk.java.net/"/><property name="sun.boot.library.path" value="/usr/local/Cellar/openjdk/14.0.1/libexec/openjdk.jdk/Contents/Home/lib"/><property name="sun.java.command" value="/usr/local/Cellar/sbt/1.3.13/libexec/bin/sbt-launch.jar"/><property name="jdk.debug" value="release"/><property name="java.specification.vendor" value="Oracle Corporation"/><property name="java.version.date" value="2020-04-14"/><property name="java.home" value="/usr/local/Cellar/openjdk/14.0.1/libexec/openjdk.jdk/Contents/Home"/><property name="file.separator" value="/"/><property name="java.vm.compressedOopsMode" value="Zero based"/><property name="line.separator" value="
"/><property name="java.vm.specification.vendor" value="Oracle Corporation"/><property name="java.specification.name" value="Java Platform API Specification"/><property name="sun.management.compiler" value="HotSpot 64-Bit Tiered Compilers"/><property name="java.runtime.version" value="14.0.1+14"/><property name="user.name" value="satsuki"/><property name="log4j.ignoreTCL" value="true"/><property name="file.encoding" value="UTF-8"/><property name="jnidispatch.path" value="/Users/satsuki/Library/Caches/JNA/temp/jna2470427749337077763.tmp"/><property name="jna.loaded" value="true"/><property name="java.io.tmpdir" value="/var/folders/8v/vs88cjz943bg9gmd3gnsv6xr0000gn/T/"/><property name="java.version" value="14.0.1"/><property name="java.vm.specification.name" value="Java Virtual Machine Specification"/><property name="java.library.path" value="/Users/satsuki/Library/Java/Extensions:/Library/Java/Extensions:/Network/Library/Java/Extensions:/System/Library/Java/Extensions:/usr/lib/java:."/><property name="java.vendor" value="N/A"/><property name="scala.ext.dirs" value="/Users/satsuki/.sbt/0.13/java9-rt-ext-n_a_14_0_1"/><property name="sun.io.unicode.encoding" value="UnicodeBig"/><property name="socksNonProxyHosts" value="local|*.local|169.254/16|*.169.254/16"/><property name="java.class.path" value="/usr/local/Cellar/sbt/1.3.13/libexec/bin/sbt-launch.jar"/><property name="java.vm.vendor" value="Oracle Corporation"/><property name="jline.shutdownhook" value="false"/><property name="user.timezone" value="Asia/Tokyo"/><property name="java.vm.specification.version" value="14"/><property name="os.name" value="Mac OS X"/><property name="sun.java.launcher" value="SUN_STANDARD"/><property name="user.country" value="JP"/><property name="http.nonProxyHosts" value="local|*.local|169.254/16|*.169.254/16"/><property name="sun.cpu.endian" value="little"/><property name="user.home" value="/Users/satsuki"/><property name="user.language" value="ja"/><property name="swoval.tmpdir" value="/Users/satsuki/.sbt/1.0"/><property name="jline.esc.timeout" value="0"/><property name="ftp.nonProxyHosts" value="local|*.local|169.254/16|*.169.254/16"/><property name="path.separator" value=":"/><property name="os.version" value="10.15.3"/><property name="jna.nosys" value="true"/><property name="java.runtime.name" value="OpenJDK Runtime Environment"/><property name="java.vm.name" value="OpenJDK 64-Bit Server VM"/><property name="jna.platform.library.path" value="/usr/lib:/usr/lib"/><property name="java.vendor.url.bug" value="https://bugreport.java.com/bugreport/"/><property name="user.dir" value="/Users/satsuki/study/introduction-scala/scalatest_study"/><property name="os.arch" value="x86_64"/><property name="java.vm.info" value="mixed mode, sharing"/><property name="java.vm.version" value="14.0.1+14"/><property name="java.class.version" value="58.0"/>
    </properties>
                     <testcase classname="CalcSpec" name="sum関数 should 整数の配列を取得し、それらを足し合わせた整数を返すことができる" time="0.012">
                                                 
                                               </testcase><testcase classname="CalcSpec" name="sum関数 should Intの最大を上回った際にはオーバーフローする" time="0.0">
                                                 
                                               </testcase><testcase classname="CalcSpec" name="div関数 should 整数を2つ受け取り、分子を分母で割った浮動小数点の値を返す" time="0.004">
                                                 
                                               </testcase><testcase classname="CalcSpec" name="div関数 should 0で割ろうとした際には実行時例外が投げられる" time="0.001">
                                                 
                                               </testcase><testcase classname="CalcSpec" name="isPrime関数 should その値が素数であるかどうかのブール値を返す" time="0.001">
                                                 
                                               </testcase><testcase classname="CalcSpec" name="isPrime関数 should 1000万以下の値の素数判定を一秒以内で処理できる" time="0.006">
                                                 
                                               </testcase><testcase classname="CalcSpec" name="Calcのモックオブジェクト should 振る舞いを偽装することができる" time="0.405">
                                                 
                                               </testcase>
                     <system-out><![CDATA[]]></system-out>
                     <system-err><![CDATA[]]></system-err>
                   </testsuite>